#
# A fatal error has been detected by the Java Runtime Environment:
#
#  Internal Error (relocInfo_x86.cpp:106), pid=61256, tid=66372
#  Error: ShouldNotReachHere()
#
# JRE version: OpenJDK Runtime Environment (17.0.6) (build 17.0.6+0-b2043.56-9586694)
# Java VM: OpenJDK 64-Bit Server VM (17.0.6+0-b2043.56-9586694, mixed mode, tiered, compressed oops, compressed class ptrs, g1 gc, windows-amd64)
# No core dump will be written. Minidumps are not enabled by default on client versions of Windows
#
# If you would like to submit a bug report, please visit:
#   https://bugreport.java.com/bugreport/crash.jsp
#

---------------  S U M M A R Y ------------

Command Line: --add-opens=java.base/java.util.concurrent.atomic=ALL-UNNAMED --add-opens=java.base/java.util=ALL-UNNAMED --add-opens=java.base/java.lang=ALL-UNNAMED --add-opens=java.base/java.lang.invoke=ALL-UNNAMED --add-opens=java.prefs/java.util.prefs=ALL-UNNAMED --add-opens=java.base/java.nio.charset=ALL-UNNAMED --add-opens=java.base/java.net=ALL-UNNAMED --add-opens=java.base/java.util.concurrent.atomic=ALL-UNNAMED -Xmx2048m -Dfile.encoding=UTF-8 -Duser.country=PL -Duser.language=pl -Duser.variant org.gradle.launcher.daemon.bootstrap.GradleDaemon 8.0

Host: 12th Gen Intel(R) Core(TM) i9-12900K, 24 cores, 31G,  Windows 11 , 64 bit Build 22000 (10.0.22000.1880)
Time: Thu May 25 20:51:28 2023  Windows 11 , 64 bit Build 22000 (10.0.22000.1880) elapsed time: 1.968796 seconds (0d 0h 0m 1s)

---------------  T H R E A D  ---------------

Current thread (0x000001ee7a398680):  JavaThread "C1 CompilerThread1" daemon [_thread_in_vm, id=66372, stack(0x000000c64e800000,0x000000c64e900000)]


Current CompileTask:
C1:   1968 3728       3       jdk.internal.jrtfs.JrtFileSystemProvider::readAttributes (25 bytes)

Stack: [0x000000c64e800000,0x000000c64e900000]
Native frames: (J=compiled Java code, j=interpreted, Vv=VM code, C=native code)
V  [jvm.dll+0x683b4a]
V  [jvm.dll+0x842654]
V  [jvm.dll+0x843dfe]
V  [jvm.dll+0x844417]
V  [jvm.dll+0x249aac]
V  [jvm.dll+0x2499f3]
V  [jvm.dll+0x6d4db4]
V  [jvm.dll+0x6d34e5]
V  [jvm.dll+0x2050c4]
V  [jvm.dll+0x203806]
V  [jvm.dll+0x658464]
V  [jvm.dll+0x65b344]
V  [jvm.dll+0x1c6466]
V  [jvm.dll+0x135b81]
V  [jvm.dll+0x134f4a]
V  [jvm.dll+0x136c11]
V  [jvm.dll+0x22b098]
V  [jvm.dll+0x229159]
V  [jvm.dll+0x7f809c]
V  [jvm.dll+0x7f25fa]
V  [jvm.dll+0x682985]
C  [ucrtbase.dll+0x26c0c]
C  [KERNEL32.DLL+0x155a0]
C  [ntdll.dll+0x485b]


---------------  P R O C E S S  ---------------

Threads class SMR info:
_java_thread_list=0x000001ee10271f40, length=41, elements={
0x000001ee6b8cbf90, 0x000001ee7a168030, 0x000001ee7a1c1150, 0x000001ee7a1c6b00,
0x000001ee7a1f13f0, 0x000001ee7a1f1cb0, 0x000001ee7a1f2570, 0x000001ee7a1f3770,
0x000001ee7a1f4070, 0x000001ee7a1f4d80, 0x000001ee7a398680, 0x000001ee7a39cfc0,
0x000001ee7a3fc880, 0x000001ee7a3c4910, 0x000001ee7b089be0, 0x000001ee7b1e6c30,
0x000001ee7b5368f0, 0x000001ee7c509330, 0x000001ee7cf72e90, 0x000001ee7cf724f0,
0x000001ee7cf73360, 0x000001ee7cf73830, 0x000001ee7cf729c0, 0x000001ee7cf71680,
0x000001ee7cf73d00, 0x000001ee7cf70ce0, 0x000001ee7cf72020, 0x000001ee7cf741d0,
0x000001ee7cf746a0, 0x000001ee7cf711b0, 0x000001ee7cf71b50, 0x000001ee0f4b1e70,
0x000001ee0f4b2810, 0x000001ee0f4ae980, 0x000001ee0f4aee50, 0x000001ee0f4b14d0,
0x000001ee0f4b2340, 0x000001ee0f4adb10, 0x000001ee0f4b19a0, 0x000001ee0f4adfe0,
0x000001ee0f4b3680
}

Java Threads: ( => current thread )
  0x000001ee6b8cbf90 JavaThread "main" [_thread_blocked, id=28656, stack(0x000000c64d800000,0x000000c64d900000)]
  0x000001ee7a168030 JavaThread "Reference Handler" daemon [_thread_blocked, id=6340, stack(0x000000c64df00000,0x000000c64e000000)]
  0x000001ee7a1c1150 JavaThread "Finalizer" daemon [_thread_blocked, id=37568, stack(0x000000c64e000000,0x000000c64e100000)]
  0x000001ee7a1c6b00 JavaThread "Signal Dispatcher" daemon [_thread_blocked, id=44656, stack(0x000000c64e100000,0x000000c64e200000)]
  0x000001ee7a1f13f0 JavaThread "Attach Listener" daemon [_thread_blocked, id=40708, stack(0x000000c64e200000,0x000000c64e300000)]
  0x000001ee7a1f1cb0 JavaThread "Service Thread" daemon [_thread_blocked, id=70560, stack(0x000000c64e300000,0x000000c64e400000)]
  0x000001ee7a1f2570 JavaThread "Monitor Deflation Thread" daemon [_thread_blocked, id=47484, stack(0x000000c64e400000,0x000000c64e500000)]
  0x000001ee7a1f3770 JavaThread "C2 CompilerThread0" daemon [_thread_blocked, id=58936, stack(0x000000c64e500000,0x000000c64e600000)]
  0x000001ee7a1f4070 JavaThread "C1 CompilerThread0" daemon [_thread_blocked, id=17540, stack(0x000000c64e600000,0x000000c64e700000)]
  0x000001ee7a1f4d80 JavaThread "Sweeper thread" daemon [_thread_blocked, id=27572, stack(0x000000c64e700000,0x000000c64e800000)]
=>0x000001ee7a398680 JavaThread "C1 CompilerThread1" daemon [_thread_in_vm, id=66372, stack(0x000000c64e800000,0x000000c64e900000)]
  0x000001ee7a39cfc0 JavaThread "C1 CompilerThread2" daemon [_thread_blocked, id=23460, stack(0x000000c64e900000,0x000000c64ea00000)]
  0x000001ee7a3fc880 JavaThread "Common-Cleaner" daemon [_thread_blocked, id=20028, stack(0x000000c64ea00000,0x000000c64eb00000)]
  0x000001ee7a3c4910 JavaThread "Notification Thread" daemon [_thread_blocked, id=39388, stack(0x000000c64eb00000,0x000000c64ec00000)]
  0x000001ee7b089be0 JavaThread "C2 CompilerThread1" daemon [_thread_in_vm, id=52568, stack(0x000000c64ed00000,0x000000c64ee00000)]
  0x000001ee7b1e6c30 JavaThread "C2 CompilerThread2" daemon [_thread_in_vm, id=70604, stack(0x000000c64ee00000,0x000000c64ef00000)]
  0x000001ee7b5368f0 JavaThread "C2 CompilerThread3" daemon [_thread_in_vm, id=66924, stack(0x000000c64ef00000,0x000000c64f000000)]
  0x000001ee7c509330 JavaThread "C1 CompilerThread3" daemon [_thread_blocked, id=51996, stack(0x000000c64fd00000,0x000000c64fe00000)]
  0x000001ee7cf72e90 JavaThread "Daemon health stats" [_thread_blocked, id=42236, stack(0x000000c64fe00000,0x000000c64ff00000)]
  0x000001ee7cf724f0 JavaThread "Incoming local TCP Connector on port 56791" [_thread_in_native, id=50080, stack(0x000000c64ff00000,0x000000c650000000)]
  0x000001ee7cf73360 JavaThread "Daemon periodic checks" [_thread_blocked, id=38252, stack(0x000000c650000000,0x000000c650100000)]
  0x000001ee7cf73830 JavaThread "Daemon" [_thread_blocked, id=43924, stack(0x000000c650100000,0x000000c650200000)]
  0x000001ee7cf729c0 JavaThread "Handler for socket connection from /127.0.0.1:56791 to /127.0.0.1:56793" [_thread_in_native, id=70424, stack(0x000000c650200000,0x000000c650300000)]
  0x000001ee7cf71680 JavaThread "Cancel handler" [_thread_blocked, id=12880, stack(0x000000c650300000,0x000000c650400000)]
  0x000001ee7cf73d00 JavaThread "Daemon worker" [_thread_blocked, id=69312, stack(0x000000c650400000,0x000000c650500000)]
  0x000001ee7cf70ce0 JavaThread "Asynchronous log dispatcher for DefaultDaemonConnection: socket connection from /127.0.0.1:56791 to /127.0.0.1:56793" [_thread_blocked, id=54668, stack(0x000000c650500000,0x000000c650600000)]
  0x000001ee7cf72020 JavaThread "Stdin handler" [_thread_blocked, id=49668, stack(0x000000c650600000,0x000000c650700000)]
  0x000001ee7cf741d0 JavaThread "Daemon client event forwarder" [_thread_blocked, id=65404, stack(0x000000c650700000,0x000000c650800000)]
  0x000001ee7cf746a0 JavaThread "Cache worker for journal cache (C:\Users\Asia\.gradle\caches\journal-1)" [_thread_blocked, id=53532, stack(0x000000c64f100000,0x000000c64f200000)]
  0x000001ee7cf711b0 JavaThread "File lock request listener" [_thread_in_native, id=49648, stack(0x000000c651200000,0x000000c651300000)]
  0x000001ee7cf71b50 JavaThread "Cache worker for file hash cache (C:\Users\Asia\.gradle\caches\8.0\fileHashes)" [_thread_blocked, id=6940, stack(0x000000c651300000,0x000000c651400000)]
  0x000001ee0f4b1e70 JavaThread "File watcher server" daemon [_thread_in_native, id=51804, stack(0x000000c651400000,0x000000c651500000)]
  0x000001ee0f4b2810 JavaThread "File watcher consumer" daemon [_thread_blocked, id=6288, stack(0x000000c651500000,0x000000c651600000)]
  0x000001ee0f4ae980 JavaThread "Cache worker for checksums cache (E:\asia-work\MobilnyCiuch\.gradle\8.0\checksums)" [_thread_blocked, id=55220, stack(0x000000c651600000,0x000000c651700000)]
  0x000001ee0f4aee50 JavaThread "Cache worker for cache directory md-rule (C:\Users\Asia\.gradle\caches\8.0\md-rule)" [_thread_blocked, id=7524, stack(0x000000c651700000,0x000000c651800000)]
  0x000001ee0f4b14d0 JavaThread "Cache worker for file content cache (C:\Users\Asia\.gradle\caches\8.0\fileContent)" [_thread_blocked, id=66776, stack(0x000000c651800000,0x000000c651900000)]
  0x000001ee0f4b2340 JavaThread "Cache worker for file hash cache (E:\asia-work\MobilnyCiuch\.gradle\8.0\fileHashes)" [_thread_blocked, id=48616, stack(0x000000c651900000,0x000000c651a00000)]
  0x000001ee0f4adb10 JavaThread "Cache worker for cache directory md-supplier (C:\Users\Asia\.gradle\caches\8.0\md-supplier)" [_thread_blocked, id=62560, stack(0x000000c651a00000,0x000000c651b00000)]
  0x000001ee0f4b19a0 JavaThread "Cache worker for execution history cache (C:\Users\Asia\.gradle\caches\8.0\executionHistory)" [_thread_blocked, id=25508, stack(0x000000c651b00000,0x000000c651c00000)]
  0x000001ee0f4adfe0 JavaThread "jar transforms" [_thread_blocked, id=72600, stack(0x000000c64f000000,0x000000c64f100000)]
  0x000001ee0f4b3680 JavaThread "jar transforms Thread 2" [_thread_blocked, id=53056, stack(0x000000c651c00000,0x000000c651d00000)]

Other Threads:
  0x000001ee79d4ed20 VMThread "VM Thread" [stack: 0x000000c64de00000,0x000000c64df00000] [id=3948]
  0x000001ee6dc59110 WatcherThread [stack: 0x000000c64ec00000,0x000000c64ed00000] [id=13292]
  0x000001ee6dc06b80 GCTaskThread "GC Thread#0" [stack: 0x000000c64d900000,0x000000c64da00000] [id=24724]
  0x000001ee7c3569d0 GCTaskThread "GC Thread#1" [stack: 0x000000c64f200000,0x000000c64f300000] [id=40880]
  0x000001ee7bedcf30 GCTaskThread "GC Thread#2" [stack: 0x000000c64f300000,0x000000c64f400000] [id=53560]
  0x000001ee7b8340a0 GCTaskThread "GC Thread#3" [stack: 0x000000c64f400000,0x000000c64f500000] [id=17128]
  0x000001ee7b834350 GCTaskThread "GC Thread#4" [stack: 0x000000c64f500000,0x000000c64f600000] [id=24088]
  0x000001ee7b834600 GCTaskThread "GC Thread#5" [stack: 0x000000c64f600000,0x000000c64f700000] [id=21260]
  0x000001ee7b8348b0 GCTaskThread "GC Thread#6" [stack: 0x000000c64f700000,0x000000c64f800000] [id=41380]
  0x000001ee7b835370 GCTaskThread "GC Thread#7" [stack: 0x000000c64f800000,0x000000c64f900000] [id=20688]
  0x000001ee7ba49e50 GCTaskThread "GC Thread#8" [stack: 0x000000c64f900000,0x000000c64fa00000] [id=17780]
  0x000001ee7ba4a100 GCTaskThread "GC Thread#9" [stack: 0x000000c64fa00000,0x000000c64fb00000] [id=48648]
  0x000001ee7ba4a3b0 GCTaskThread "GC Thread#10" [stack: 0x000000c64fb00000,0x000000c64fc00000] [id=5528]
  0x000001ee7ba4a660 GCTaskThread "GC Thread#11" [stack: 0x000000c64fc00000,0x000000c64fd00000] [id=71400]
  0x000001ee7c266670 GCTaskThread "GC Thread#12" [stack: 0x000000c650800000,0x000000c650900000] [id=49672]
  0x000001ee7c265900 GCTaskThread "GC Thread#13" [stack: 0x000000c650900000,0x000000c650a00000] [id=22720]
  0x000001ee7c266920 GCTaskThread "GC Thread#14" [stack: 0x000000c650a00000,0x000000c650b00000] [id=42904]
  0x000001ee7c266bd0 GCTaskThread "GC Thread#15" [stack: 0x000000c650b00000,0x000000c650c00000] [id=40232]
  0x000001ee7c265bb0 GCTaskThread "GC Thread#16" [stack: 0x000000c650c00000,0x000000c650d00000] [id=11448]
  0x000001ee7c2653a0 GCTaskThread "GC Thread#17" [stack: 0x000000c650d00000,0x000000c650e00000] [id=52108]
  0x000001ee6dbc42f0 ConcurrentGCThread "G1 Main Marker" [stack: 0x000000c64da00000,0x000000c64db00000] [id=2368]
  0x000001ee6dc189c0 ConcurrentGCThread "G1 Conc#0" [stack: 0x000000c64db00000,0x000000c64dc00000] [id=27236]
  0x000001ee7c265650 ConcurrentGCThread "G1 Conc#1" [stack: 0x000000c650e00000,0x000000c650f00000] [id=53676]
  0x000001ee7c265e60 ConcurrentGCThread "G1 Conc#2" [stack: 0x000000c650f00000,0x000000c651000000] [id=42484]
  0x000001ee7be94370 ConcurrentGCThread "G1 Conc#3" [stack: 0x000000c651000000,0x000000c651100000] [id=61736]
  0x000001ee7be93e10 ConcurrentGCThread "G1 Conc#4" [stack: 0x000000c651100000,0x000000c651200000] [id=41208]
  0x000001ee6dc6e0c0 ConcurrentGCThread "G1 Refine#0" [stack: 0x000000c64dc00000,0x000000c64dd00000] [id=70296]
  0x000001ee6dc6e890 ConcurrentGCThread "G1 Service" [stack: 0x000000c64dd00000,0x000000c64de00000] [id=18120]

Threads with active compile tasks:
C2 CompilerThread0     1986 3666       4       java.util.regex.Matcher::reset (128 bytes)
C1 CompilerThread1     1986 3728       3       jdk.internal.jrtfs.JrtFileSystemProvider::readAttributes (25 bytes)
C1 CompilerThread2     1986 3730       3       jdk.internal.jrtfs.JrtFileSystem::getFileAttributes (42 bytes)
C2 CompilerThread1     1986 3683       4       jdk.internal.jimage.ImageStringsReader::stringFromByteBuffer (73 bytes)
C2 CompilerThread2     1986 3653       4       java.lang.String::<init> (828 bytes)
C2 CompilerThread3     1986 3701       4       jdk.internal.jimage.ImageLocation::readValue (61 bytes)
C1 CompilerThread3     1986 3731       3       jdk.internal.jrtfs.JrtFileAttributes::<init> (10 bytes)

VM state: not at safepoint (normal execution)

VM Mutex/Monitor currently owned by a thread:  ([mutex/lock_event])
[0x000001ee6b897170] CodeCache_lock - owner thread: 0x000001ee7a398680
[0x000001ee6dba39b0] Compile_lock - owner thread: 0x000001ee7a398680
[0x000001ee6dba3bf0] MethodCompileQueue_lock - owner thread: 0x000001ee7a398680

Heap address: 0x0000000080000000, size: 2048 MB, Compressed Oops mode: 32-bit

CDS archive(s) not mapped
Compressed class space mapped at: 0x0000000100000000-0x0000000140000000, reserved size: 1073741824
Narrow klass base: 0x0000000000000000, Narrow klass shift: 3, Narrow klass range: 0x140000000

GC Precious Log:
 CPUs: 24 total, 24 available
 Memory: 32509M
 Large Page Support: Disabled
 NUMA Support: Disabled
 Compressed Oops: Enabled (32-bit)
 Heap Region Size: 1M
 Heap Min Capacity: 8M
 Heap Initial Capacity: 508M
 Heap Max Capacity: 2G
 Pre-touch: Disabled
 Parallel Workers: 18
 Concurrent Workers: 5
 Concurrent Refinement Workers: 18
 Periodic GC: Disabled

Heap:
 garbage-first heap   total 68608K, used 41694K [0x0000000080000000, 0x0000000100000000)
  region size 1024K, 22 young (22528K), 3 survivors (3072K)
 Metaspace       used 40586K, committed 40896K, reserved 1089536K
  class space    used 5368K, committed 5504K, reserved 1048576K

Heap Regions: E=young(eden), S=young(survivor), O=old, HS=humongous(starts), HC=humongous(continues), CS=collection set, F=free, OA=open archive, CA=closed archive, TAMS=top-at-mark-start (previous, next)
|   0|0x0000000080000000, 0x0000000080100000, 0x0000000080100000|100%|HS|  |TAMS 0x0000000080100000, 0x0000000080000000| Complete 
|   1|0x0000000080100000, 0x0000000080200000, 0x0000000080200000|100%|HC|  |TAMS 0x0000000080200000, 0x0000000080100000| Complete 
|   2|0x0000000080200000, 0x0000000080300000, 0x0000000080300000|100%|HC|  |TAMS 0x0000000080300000, 0x0000000080200000| Complete 
|   3|0x0000000080300000, 0x0000000080400000, 0x0000000080400000|100%|HC|  |TAMS 0x0000000080400000, 0x0000000080300000| Complete 
|   4|0x0000000080400000, 0x0000000080500000, 0x0000000080500000|100%| O|  |TAMS 0x0000000080500000, 0x0000000080400000| Untracked 
|   5|0x0000000080500000, 0x0000000080600000, 0x0000000080600000|100%| O|  |TAMS 0x0000000080600000, 0x0000000080500000| Untracked 
|   6|0x0000000080600000, 0x0000000080700000, 0x0000000080700000|100%| O|  |TAMS 0x0000000080700000, 0x0000000080600000| Untracked 
|   7|0x0000000080700000, 0x0000000080800000, 0x0000000080800000|100%| O|  |TAMS 0x0000000080800000, 0x0000000080700000| Untracked 
|   8|0x0000000080800000, 0x0000000080900000, 0x0000000080900000|100%| O|  |TAMS 0x0000000080900000, 0x0000000080800000| Untracked 
|   9|0x0000000080900000, 0x0000000080a00000, 0x0000000080a00000|100%| O|  |TAMS 0x0000000080a00000, 0x0000000080900000| Untracked 
|  10|0x0000000080a00000, 0x0000000080b00000, 0x0000000080b00000|100%| O|  |TAMS 0x0000000080b00000, 0x0000000080a00000| Untracked 
|  11|0x0000000080b00000, 0x0000000080c00000, 0x0000000080c00000|100%| O|  |TAMS 0x0000000080b00000, 0x0000000080b00000| Untracked 
|  12|0x0000000080c00000, 0x0000000080d00000, 0x0000000080d00000|100%| O|  |TAMS 0x0000000080d00000, 0x0000000080c00000| Untracked 
|  13|0x0000000080d00000, 0x0000000080e00000, 0x0000000080e00000|100%| O|  |TAMS 0x0000000080e00000, 0x0000000080d00000| Untracked 
|  14|0x0000000080e00000, 0x0000000080f00000, 0x0000000080f00000|100%| O|  |TAMS 0x0000000080f00000, 0x0000000080e00000| Complete 
|  15|0x0000000080f00000, 0x0000000080f23000, 0x0000000081000000| 13%| O|  |TAMS 0x0000000080f00000, 0x0000000080f00000| Untracked 
|  16|0x0000000081000000, 0x0000000081000000, 0x0000000081100000|  0%| F|  |TAMS 0x0000000081000000, 0x0000000081000000| Untracked 
|  17|0x0000000081100000, 0x0000000081100000, 0x0000000081200000|  0%| F|  |TAMS 0x0000000081100000, 0x0000000081100000| Untracked 
|  18|0x0000000081200000, 0x0000000081200000, 0x0000000081300000|  0%| F|  |TAMS 0x0000000081200000, 0x0000000081200000| Untracked 
|  19|0x0000000081300000, 0x0000000081300000, 0x0000000081400000|  0%| F|  |TAMS 0x0000000081300000, 0x0000000081300000| Untracked 
|  20|0x0000000081400000, 0x0000000081400000, 0x0000000081500000|  0%| F|  |TAMS 0x0000000081400000, 0x0000000081400000| Untracked 
|  21|0x0000000081500000, 0x0000000081500000, 0x0000000081600000|  0%| F|  |TAMS 0x0000000081500000, 0x0000000081500000| Untracked 
|  22|0x0000000081600000, 0x0000000081600000, 0x0000000081700000|  0%| F|  |TAMS 0x0000000081600000, 0x0000000081600000| Untracked 
|  23|0x0000000081700000, 0x0000000081700000, 0x0000000081800000|  0%| F|  |TAMS 0x0000000081700000, 0x0000000081700000| Untracked 
|  24|0x0000000081800000, 0x0000000081800000, 0x0000000081900000|  0%| F|  |TAMS 0x0000000081800000, 0x0000000081800000| Untracked 
|  25|0x0000000081900000, 0x0000000081900000, 0x0000000081a00000|  0%| F|  |TAMS 0x0000000081900000, 0x0000000081900000| Untracked 
|  26|0x0000000081a00000, 0x0000000081b00000, 0x0000000081b00000|100%| O|  |TAMS 0x0000000081b00000, 0x0000000081a00000| Untracked 
|  27|0x0000000081b00000, 0x0000000081c00000, 0x0000000081c00000|100%| O|  |TAMS 0x0000000081c00000, 0x0000000081b00000| Untracked 
|  28|0x0000000081c00000, 0x0000000081d00000, 0x0000000081d00000|100%| O|  |TAMS 0x0000000081d00000, 0x0000000081c00000| Untracked 
|  29|0x0000000081d00000, 0x0000000081e00000, 0x0000000081e00000|100%| O|  |TAMS 0x0000000081e00000, 0x0000000081d00000| Untracked 
|  30|0x0000000081e00000, 0x0000000081f00000, 0x0000000081f00000|100%| O|  |TAMS 0x0000000081f00000, 0x0000000081e00000| Untracked 
|  31|0x0000000081f00000, 0x0000000082000000, 0x0000000082000000|100%| O|  |TAMS 0x0000000081fa7000, 0x0000000081f00000| Untracked 
|  32|0x0000000082000000, 0x0000000082000000, 0x0000000082100000|  0%| F|  |TAMS 0x0000000082000000, 0x0000000082000000| Untracked 
|  33|0x0000000082100000, 0x0000000082100000, 0x0000000082200000|  0%| F|  |TAMS 0x0000000082100000, 0x0000000082100000| Untracked 
|  34|0x0000000082200000, 0x0000000082200000, 0x0000000082300000|  0%| F|  |TAMS 0x0000000082200000, 0x0000000082200000| Untracked 
|  35|0x0000000082300000, 0x0000000082300000, 0x0000000082400000|  0%| F|  |TAMS 0x0000000082300000, 0x0000000082300000| Untracked 
|  36|0x0000000082400000, 0x0000000082400000, 0x0000000082500000|  0%| F|  |TAMS 0x0000000082400000, 0x0000000082400000| Untracked 
|  37|0x0000000082500000, 0x0000000082500000, 0x0000000082600000|  0%| F|  |TAMS 0x0000000082500000, 0x0000000082500000| Untracked 
|  38|0x0000000082600000, 0x0000000082600000, 0x0000000082700000|  0%| F|  |TAMS 0x0000000082600000, 0x0000000082600000| Untracked 
|  39|0x0000000082700000, 0x0000000082700000, 0x0000000082800000|  0%| F|  |TAMS 0x0000000082700000, 0x0000000082700000| Untracked 
|  40|0x0000000082800000, 0x0000000082800000, 0x0000000082900000|  0%| F|  |TAMS 0x0000000082800000, 0x0000000082800000| Untracked 
|  41|0x0000000082900000, 0x0000000082900000, 0x0000000082a00000|  0%| F|  |TAMS 0x0000000082900000, 0x0000000082900000| Untracked 
|  42|0x0000000082a00000, 0x0000000082a00000, 0x0000000082b00000|  0%| F|  |TAMS 0x0000000082a00000, 0x0000000082a00000| Untracked 
|  43|0x0000000082b00000, 0x0000000082b00000, 0x0000000082c00000|  0%| F|  |TAMS 0x0000000082b00000, 0x0000000082b00000| Untracked 
|  44|0x0000000082c00000, 0x0000000082c00000, 0x0000000082d00000|  0%| F|  |TAMS 0x0000000082c00000, 0x0000000082c00000| Untracked 
|  45|0x0000000082d00000, 0x0000000082d5c488, 0x0000000082e00000| 36%| E|  |TAMS 0x0000000082d00000, 0x0000000082d00000| Complete 
|  46|0x0000000082e00000, 0x0000000082f00000, 0x0000000082f00000|100%| E|CS|TAMS 0x0000000082e00000, 0x0000000082e00000| Complete 
|  47|0x0000000082f00000, 0x0000000083000000, 0x0000000083000000|100%| E|CS|TAMS 0x0000000082f00000, 0x0000000082f00000| Complete 
|  48|0x0000000083000000, 0x0000000083100000, 0x0000000083100000|100%| E|CS|TAMS 0x0000000083000000, 0x0000000083000000| Complete 
|  49|0x0000000083100000, 0x0000000083200000, 0x0000000083200000|100%| E|CS|TAMS 0x0000000083100000, 0x0000000083100000| Complete 
|  50|0x0000000083200000, 0x0000000083300000, 0x0000000083300000|100%| E|CS|TAMS 0x0000000083200000, 0x0000000083200000| Complete 
|  51|0x0000000083300000, 0x0000000083400000, 0x0000000083400000|100%| E|CS|TAMS 0x0000000083300000, 0x0000000083300000| Complete 
|  52|0x0000000083400000, 0x0000000083500000, 0x0000000083500000|100%| E|CS|TAMS 0x0000000083400000, 0x0000000083400000| Complete 
|  53|0x0000000083500000, 0x0000000083600000, 0x0000000083600000|100%| E|CS|TAMS 0x0000000083500000, 0x0000000083500000| Complete 
|  54|0x0000000083600000, 0x0000000083700000, 0x0000000083700000|100%| E|  |TAMS 0x0000000083600000, 0x0000000083600000| Complete 
|  55|0x0000000083700000, 0x0000000083800000, 0x0000000083800000|100%| E|CS|TAMS 0x0000000083700000, 0x0000000083700000| Complete 
|  56|0x0000000083800000, 0x0000000083900000, 0x0000000083900000|100%| E|CS|TAMS 0x0000000083800000, 0x0000000083800000| Complete 
|  57|0x0000000083900000, 0x0000000083a00000, 0x0000000083a00000|100%| E|CS|TAMS 0x0000000083900000, 0x0000000083900000| Complete 
| 461|0x000000009cd00000, 0x000000009ce00000, 0x000000009ce00000|100%| E|CS|TAMS 0x000000009cd00000, 0x000000009cd00000| Complete 
| 462|0x000000009ce00000, 0x000000009cf00000, 0x000000009cf00000|100%| E|CS|TAMS 0x000000009ce00000, 0x000000009ce00000| Complete 
| 463|0x000000009cf00000, 0x000000009d000000, 0x000000009d000000|100%| E|CS|TAMS 0x000000009cf00000, 0x000000009cf00000| Complete 
| 464|0x000000009d000000, 0x000000009d094ae8, 0x000000009d100000| 58%| S|CS|TAMS 0x000000009d000000, 0x000000009d000000| Complete 
| 465|0x000000009d100000, 0x000000009d200000, 0x000000009d200000|100%| S|CS|TAMS 0x000000009d100000, 0x000000009d100000| Complete 
| 466|0x000000009d200000, 0x000000009d300000, 0x000000009d300000|100%| S|CS|TAMS 0x000000009d200000, 0x000000009d200000| Complete 
| 467|0x000000009d300000, 0x000000009d400000, 0x000000009d400000|100%| E|CS|TAMS 0x000000009d300000, 0x000000009d300000| Complete 
| 468|0x000000009d400000, 0x000000009d500000, 0x000000009d500000|100%| E|CS|TAMS 0x000000009d400000, 0x000000009d400000| Complete 
| 507|0x000000009fb00000, 0x000000009fc00000, 0x000000009fc00000|100%| E|CS|TAMS 0x000000009fb00000, 0x000000009fb00000| Complete 

Card table byte_map: [0x000001ee72250000,0x000001ee72650000] _byte_map_base: 0x000001ee71e50000

Marking Bits (Prev, Next): (CMBitMap*) 0x000001ee6dc070a0, (CMBitMap*) 0x000001ee6dc070e0
 Prev Bits: [0x000001ee72a50000, 0x000001ee74a50000)
 Next Bits: [0x000001ee74a50000, 0x000001ee76a50000)

Polling page: 0x000001ee6b7c0000

Metaspace:

Usage:
  Non-class:     34.39 MB used.
      Class:      5.24 MB used.
       Both:     39.64 MB used.

Virtual space:
  Non-class space:       40.00 MB reserved,      34.56 MB ( 86%) committed,  5 nodes.
      Class space:        1.00 GB reserved,       5.38 MB ( <1%) committed,  1 nodes.
             Both:        1.04 GB reserved,      39.94 MB (  4%) committed. 

Chunk freelists:
   Non-Class:  784.00 KB
       Class:  2.53 MB
        Both:  3.30 MB

MaxMetaspaceSize: unlimited
CompressedClassSpaceSize: 1.00 GB
Initial GC threshold: 21.00 MB
Current GC threshold: 58.75 MB
CDS: off
MetaspaceReclaimPolicy: balanced
 - commit_granule_bytes: 65536.
 - commit_granule_words: 8192.
 - virtual_space_node_default_size: 1048576.
 - enlarge_chunks_in_place: 1.
 - new_chunks_are_fully_committed: 0.
 - uncommit_free_chunks: 1.
 - use_allocation_guard: 0.
 - handle_deallocations: 1.


Internal statistics:

num_allocs_failed_limit: 6.
num_arena_births: 302.
num_arena_deaths: 0.
num_vsnodes_births: 6.
num_vsnodes_deaths: 0.
num_space_committed: 639.
num_space_uncommitted: 0.
num_chunks_returned_to_freelist: 6.
num_chunks_taken_from_freelist: 1414.
num_chunk_merges: 6.
num_chunk_splits: 936.
num_chunks_enlarged: 673.
num_purges: 0.
num_inconsistent_stats: 0.

CodeHeap 'non-profiled nmethods': size=119168Kb used=2006Kb max_used=2006Kb free=117161Kb
 bounds [0x000001ee07ba0000, 0x000001ee07e10000, 0x000001ee0f000000]
CodeHeap 'profiled nmethods': size=119104Kb used=7690Kb max_used=7690Kb free=111413Kb
 bounds [0x000001ee00000000, 0x000001ee00790000, 0x000001ee07450000]
CodeHeap 'non-nmethods': size=7488Kb used=3287Kb max_used=3320Kb free=4200Kb
 bounds [0x000001ee07450000, 0x000001ee07790000, 0x000001ee07ba0000]
 total_blobs=4373 nmethods=3719 adapters=560
 compilation: enabled
              stopped_count=0, restarted_count=0
 full_count=0

Compilation events (20 events):
Event: 1.967 Thread 0x000001ee7c509330 3715       3       java.util.Spliterators$1Adapter::next (39 bytes)
Event: 1.967 Thread 0x000001ee7a39cfc0 3719       3       java.util.stream.StreamSpliterators$WrappingSpliterator::lambda$initPartialTraversalState$0 (14 bytes)
Event: 1.967 Thread 0x000001ee7a39cfc0 nmethod 3719 0x000001ee0077d590 code [0x000001ee0077d740, 0x000001ee0077d908]
Event: 1.967 Thread 0x000001ee7a398680 nmethod 3718 0x000001ee0077da10 code [0x000001ee0077dbc0, 0x000001ee0077de08]
Event: 1.967 Thread 0x000001ee7a1f4070 nmethod 3717 0x000001ee0077cd10 code [0x000001ee0077cee0, 0x000001ee0077d418]
Event: 1.967 Thread 0x000001ee7a39cfc0 3727       3       java.util.stream.StreamSpliterators$AbstractWrappingSpliterator::fillBuffer (64 bytes)
Event: 1.967 Thread 0x000001ee7c509330 nmethod 3715 0x000001ee0077df10 code [0x000001ee0077e0e0, 0x000001ee0077e4f8]
Event: 1.967 Thread 0x000001ee7a398680 3721   !   3       jdk.internal.jrtfs.JrtDirectoryStream$1::hasNext (41 bytes)
Event: 1.967 Thread 0x000001ee7a1f4070 3720       3       jdk.internal.jrtfs.JrtPath::<init> (23 bytes)
Event: 1.967 Thread 0x000001ee7c509330 3725       3       java.util.stream.StreamSpliterators$WrappingSpliterator::tryAdvance (36 bytes)
Event: 1.967 Thread 0x000001ee7a1f4070 nmethod 3720 0x000001ee0077e690 code [0x000001ee0077e840, 0x000001ee0077eb08]
Event: 1.967 Thread 0x000001ee7a398680 nmethod 3721 0x000001ee0077ec10 code [0x000001ee0077edc0, 0x000001ee0077f108]
Event: 1.967 Thread 0x000001ee7a1f4070 3726       3       java.util.stream.StreamSpliterators$AbstractWrappingSpliterator::doAdvance (106 bytes)
Event: 1.967 Thread 0x000001ee7c509330 nmethod 3725 0x000001ee0077f290 code [0x000001ee0077f480, 0x000001ee0077f9d8]
Event: 1.967 Thread 0x000001ee7a398680 3728       3       jdk.internal.jrtfs.JrtFileSystemProvider::readAttributes (25 bytes)
Event: 1.967 Thread 0x000001ee7c509330 3729       3       jdk.internal.jrtfs.JrtPath::getAttributes (28 bytes)
Event: 1.967 Thread 0x000001ee7a39cfc0 nmethod 3727 0x000001ee0077fb90 code [0x000001ee0077fda0, 0x000001ee007805a8]
Event: 1.968 Thread 0x000001ee7a39cfc0 3730       3       jdk.internal.jrtfs.JrtFileSystem::getFileAttributes (42 bytes)
Event: 1.968 Thread 0x000001ee7c509330 nmethod 3729 0x000001ee00780890 code [0x000001ee00780a40, 0x000001ee00780cd8]
Event: 1.968 Thread 0x000001ee7c509330 3731       3       jdk.internal.jrtfs.JrtFileAttributes::<init> (10 bytes)

GC Heap History (16 events):
Event: 0.365 GC heap before
{Heap before GC invocations=0 (full 0):
 garbage-first heap   total 520192K, used 28672K [0x0000000080000000, 0x0000000100000000)
  region size 1024K, 25 young (25600K), 0 survivors (0K)
 Metaspace       used 10437K, committed 10624K, reserved 1064960K
  class space    used 1073K, committed 1152K, reserved 1048576K
}
Event: 0.368 GC heap after
{Heap after GC invocations=1 (full 0):
 garbage-first heap   total 520192K, used 10604K [0x0000000080000000, 0x0000000100000000)
  region size 1024K, 4 young (4096K), 4 survivors (4096K)
 Metaspace       used 10437K, committed 10624K, reserved 1064960K
  class space    used 1073K, committed 1152K, reserved 1048576K
}
Event: 0.520 GC heap before
{Heap before GC invocations=1 (full 0):
 garbage-first heap   total 520192K, used 41324K [0x0000000080000000, 0x0000000100000000)
  region size 1024K, 34 young (34816K), 4 survivors (4096K)
 Metaspace       used 11270K, committed 11520K, reserved 1064960K
  class space    used 1167K, committed 1280K, reserved 1048576K
}
Event: 0.522 GC heap after
{Heap after GC invocations=2 (full 0):
 garbage-first heap   total 520192K, used 14854K [0x0000000080000000, 0x0000000100000000)
  region size 1024K, 5 young (5120K), 5 survivors (5120K)
 Metaspace       used 11270K, committed 11520K, reserved 1064960K
  class space    used 1167K, committed 1280K, reserved 1048576K
}
Event: 1.025 GC heap before
{Heap before GC invocations=2 (full 0):
 garbage-first heap   total 520192K, used 48646K [0x0000000080000000, 0x0000000100000000)
  region size 1024K, 39 young (39936K), 5 survivors (5120K)
 Metaspace       used 21210K, committed 21504K, reserved 1073152K
  class space    used 2564K, committed 2752K, reserved 1048576K
}
Event: 1.029 GC heap after
{Heap after GC invocations=3 (full 0):
 garbage-first heap   total 520192K, used 18440K [0x0000000080000000, 0x0000000100000000)
  region size 1024K, 8 young (8192K), 8 survivors (8192K)
 Metaspace       used 21210K, committed 21504K, reserved 1073152K
  class space    used 2564K, committed 2752K, reserved 1048576K
}
Event: 1.300 GC heap before
{Heap before GC invocations=4 (full 0):
 garbage-first heap   total 68608K, used 51208K [0x0000000080000000, 0x0000000100000000)
  region size 1024K, 41 young (41984K), 8 survivors (8192K)
 Metaspace       used 26183K, committed 26496K, reserved 1073152K
  class space    used 3424K, committed 3584K, reserved 1048576K
}
Event: 1.303 GC heap after
{Heap after GC invocations=5 (full 0):
 garbage-first heap   total 68608K, used 20627K [0x0000000080000000, 0x0000000100000000)
  region size 1024K, 11 young (11264K), 11 survivors (11264K)
 Metaspace       used 26183K, committed 26496K, reserved 1073152K
  class space    used 3424K, committed 3584K, reserved 1048576K
}
Event: 1.310 GC heap before
{Heap before GC invocations=5 (full 0):
 garbage-first heap   total 68608K, used 21651K [0x0000000080000000, 0x0000000100000000)
  region size 1024K, 12 young (12288K), 11 survivors (11264K)
 Metaspace       used 26314K, committed 26624K, reserved 1073152K
  class space    used 3448K, committed 3584K, reserved 1048576K
}
Event: 1.313 GC heap after
{Heap after GC invocations=6 (full 0):
 garbage-first heap   total 68608K, used 21148K [0x0000000080000000, 0x0000000100000000)
  region size 1024K, 1 young (1024K), 1 survivors (1024K)
 Metaspace       used 26314K, committed 26624K, reserved 1073152K
  class space    used 3448K, committed 3584K, reserved 1048576K
}
Event: 1.538 GC heap before
{Heap before GC invocations=6 (full 0):
 garbage-first heap   total 68608K, used 47772K [0x0000000080000000, 0x0000000100000000)
  region size 1024K, 27 young (27648K), 1 survivors (1024K)
 Metaspace       used 30458K, committed 30720K, reserved 1081344K
  class space    used 4120K, committed 4224K, reserved 1048576K
}
Event: 1.539 GC heap after
{Heap after GC invocations=7 (full 0):
 garbage-first heap   total 68608K, used 21771K [0x0000000080000000, 0x0000000100000000)
  region size 1024K, 2 young (2048K), 2 survivors (2048K)
 Metaspace       used 30458K, committed 30720K, reserved 1081344K
  class space    used 4120K, committed 4224K, reserved 1048576K
}
Event: 1.759 GC heap before
{Heap before GC invocations=7 (full 0):
 garbage-first heap   total 68608K, used 49419K [0x0000000080000000, 0x0000000100000000)
  region size 1024K, 29 young (29696K), 2 survivors (2048K)
 Metaspace       used 35089K, committed 35456K, reserved 1081344K
  class space    used 4842K, committed 4992K, reserved 1048576K
}
Event: 1.760 GC heap after
{Heap after GC invocations=8 (full 0):
 garbage-first heap   total 68608K, used 23373K [0x0000000080000000, 0x0000000100000000)
  region size 1024K, 4 young (4096K), 4 survivors (4096K)
 Metaspace       used 35089K, committed 35456K, reserved 1081344K
  class space    used 4842K, committed 4992K, reserved 1048576K
}
Event: 1.787 GC heap before
{Heap before GC invocations=8 (full 0):
 garbage-first heap   total 68608K, used 25421K [0x0000000080000000, 0x0000000100000000)
  region size 1024K, 7 young (7168K), 4 survivors (4096K)
 Metaspace       used 35656K, committed 35968K, reserved 1081344K
  class space    used 4879K, committed 5056K, reserved 1048576K
}
Event: 1.789 GC heap after
{Heap after GC invocations=9 (full 0):
 garbage-first heap   total 68608K, used 24286K [0x0000000080000000, 0x0000000100000000)
  region size 1024K, 3 young (3072K), 3 survivors (3072K)
 Metaspace       used 35656K, committed 35968K, reserved 1081344K
  class space    used 4879K, committed 5056K, reserved 1048576K
}

Dll operation events (2 events):
Event: 0.003 Loaded shared library C:\Program Files\Android\Android Studio1\jbr\bin\java.dll
Event: 0.187 Loaded shared library C:\Program Files\Android\Android Studio1\jbr\bin\verify.dll

Deoptimization events (20 events):
Event: 1.920 Thread 0x000001ee7cf73d00 Uncommon trap: trap_request=0xffffffc6 fr.pc=0x000001ee07d2b880 relative=0x0000000000004360
Event: 1.920 Thread 0x000001ee7cf73d00 Uncommon trap: reason=bimorphic_or_optimized_type_check action=maybe_recompile pc=0x000001ee07d2b880 method=java.net.URL.<init>(Ljava/net/URL;Ljava/lang/String;Ljava/net/URLStreamHandler;)V @ 504 c2
Event: 1.920 Thread 0x000001ee7cf73d00 DEOPT PACKING pc=0x000001ee07d2b880 sp=0x000000c6504f7640
Event: 1.920 Thread 0x000001ee7cf73d00 DEOPT UNPACKING pc=0x000001ee074a69a3 sp=0x000000c6504f75e0 mode 2
Event: 1.955 Thread 0x000001ee7cf73d00 Uncommon trap: trap_request=0xffffffc6 fr.pc=0x000001ee07d62af8 relative=0x00000000000002b8
Event: 1.955 Thread 0x000001ee7cf73d00 Uncommon trap: reason=bimorphic_or_optimized_type_check action=maybe_recompile pc=0x000001ee07d62af8 method=java.util.stream.MatchOps$1MatchSink.accept(Ljava/lang/Object;)V @ 12 c2
Event: 1.955 Thread 0x000001ee7cf73d00 DEOPT PACKING pc=0x000001ee07d62af8 sp=0x000000c6504f7910
Event: 1.955 Thread 0x000001ee7cf73d00 DEOPT UNPACKING pc=0x000001ee074a69a3 sp=0x000000c6504f78b8 mode 2
Event: 1.955 Thread 0x000001ee7cf73d00 Uncommon trap: trap_request=0xffffffc6 fr.pc=0x000001ee07d62af8 relative=0x00000000000002b8
Event: 1.955 Thread 0x000001ee7cf73d00 Uncommon trap: reason=bimorphic_or_optimized_type_check action=maybe_recompile pc=0x000001ee07d62af8 method=java.util.stream.MatchOps$1MatchSink.accept(Ljava/lang/Object;)V @ 12 c2
Event: 1.955 Thread 0x000001ee7cf73d00 DEOPT PACKING pc=0x000001ee07d62af8 sp=0x000000c6504f7910
Event: 1.955 Thread 0x000001ee7cf73d00 DEOPT UNPACKING pc=0x000001ee074a69a3 sp=0x000000c6504f78b8 mode 2
Event: 1.955 Thread 0x000001ee7cf73d00 Uncommon trap: trap_request=0xffffffc6 fr.pc=0x000001ee07d62af8 relative=0x00000000000002b8
Event: 1.955 Thread 0x000001ee7cf73d00 Uncommon trap: reason=bimorphic_or_optimized_type_check action=maybe_recompile pc=0x000001ee07d62af8 method=java.util.stream.MatchOps$1MatchSink.accept(Ljava/lang/Object;)V @ 12 c2
Event: 1.955 Thread 0x000001ee7cf73d00 DEOPT PACKING pc=0x000001ee07d62af8 sp=0x000000c6504f7910
Event: 1.955 Thread 0x000001ee7cf73d00 DEOPT UNPACKING pc=0x000001ee074a69a3 sp=0x000000c6504f78b8 mode 2
Event: 1.955 Thread 0x000001ee7cf73d00 Uncommon trap: trap_request=0xffffffc6 fr.pc=0x000001ee07d62af8 relative=0x00000000000002b8
Event: 1.955 Thread 0x000001ee7cf73d00 Uncommon trap: reason=bimorphic_or_optimized_type_check action=maybe_recompile pc=0x000001ee07d62af8 method=java.util.stream.MatchOps$1MatchSink.accept(Ljava/lang/Object;)V @ 12 c2
Event: 1.955 Thread 0x000001ee7cf73d00 DEOPT PACKING pc=0x000001ee07d62af8 sp=0x000000c6504f7910
Event: 1.955 Thread 0x000001ee7cf73d00 DEOPT UNPACKING pc=0x000001ee074a69a3 sp=0x000000c6504f78b8 mode 2

Classes unloaded (0 events):
No events

Classes redefined (0 events):
No events

Internal exceptions (20 events):
Event: 1.676 Thread 0x000001ee7cf73d00 Exception <a 'java/lang/NoSuchMethodError'{0x00000000830e9540}: 'java.lang.Object java.lang.invoke.DirectMethodHandle$Holder.newInvokeSpecial(java.lang.Object, java.lang.Object, long)'> (0x00000000830e9540) 
thrown [s\src\hotspot\share\interpreter\linkResolver.cpp, line 771]
Event: 1.677 Thread 0x000001ee7cf73d00 Exception <a 'java/lang/NoSuchMethodError'{0x00000000830edb50}: 'java.lang.Object java.lang.invoke.Invokers$Holder.linkToTargetMethod(java.lang.Object, long, java.lang.Object)'> (0x00000000830edb50) 
thrown [s\src\hotspot\share\interpreter\linkResolver.cpp, line 771]
Event: 1.687 Thread 0x000001ee7cf73d00 Exception <a 'java/lang/NoSuchMethodError'{0x0000000082fea608}: 'int java.lang.invoke.DirectMethodHandle$Holder.invokeInterface(java.lang.Object, java.lang.Object)'> (0x0000000082fea608) 
thrown [s\src\hotspot\share\interpreter\linkResolver.cpp, line 771]
Event: 1.689 Thread 0x000001ee7cf73d00 Exception <a 'java/lang/NoSuchMethodError'{0x0000000082e0e668}: 'java.lang.Object java.lang.invoke.DirectMethodHandle$Holder.invokeStatic(java.lang.Object, java.lang.Object, int, java.lang.Object)'> (0x0000000082e0e668) 
thrown [s\src\hotspot\share\interpreter\linkResolver.cpp, line 771]
Event: 1.689 Thread 0x000001ee7cf73d00 Exception <a 'java/lang/NoSuchMethodError'{0x0000000082e16220}: 'java.lang.Object java.lang.invoke.DirectMethodHandle$Holder.newInvokeSpecial(java.lang.Object, java.lang.Object, int, java.lang.Object)'> (0x0000000082e16220) 
thrown [s\src\hotspot\share\interpreter\linkResolver.cpp, line 771]
Event: 1.689 Thread 0x000001ee7cf73d00 Exception <a 'java/lang/NoSuchMethodError'{0x0000000082e1ab08}: 'java.lang.Object java.lang.invoke.DirectMethodHandle$Holder.invokeSpecial(java.lang.Object, java.lang.Object, java.lang.Object, int, java.lang.Object)'> (0x0000000082e1ab08) 
thrown [s\src\hotspot\share\interpreter\linkResolver.cpp, line 771]
Event: 1.726 Thread 0x000001ee7cf73d00 Exception <a 'java/lang/NoSuchMethodError'{0x0000000082b45f20}: 'java.lang.Object java.lang.invoke.DirectMethodHandle$Holder.invokeSpecial(java.lang.Object, java.lang.Object, java.lang.Object, int, java.lang.Object, java.lang.Object)'> (0x0000000082b45f20) 
thrown [s\src\hotspot\share\interpreter\linkResolver.cpp, line 771]
Event: 1.749 Thread 0x000001ee7cf73d00 Implicit null exception at 0x000001ee07d475eb to 0x000001ee07d47a70
Event: 1.767 Thread 0x000001ee7cf73d00 Exception <a 'java/lang/NoSuchMethodError'{0x000000009fb7b918}: 'void java.lang.invoke.DirectMethodHandle$Holder.invokeStaticInit(java.lang.Object, java.lang.Object, java.lang.Object)'> (0x000000009fb7b918) 
thrown [s\src\hotspot\share\interpreter\linkResolver.cpp, line 771]
Event: 1.767 Thread 0x000001ee7cf73d00 Exception <a 'java/lang/NoSuchMethodError'{0x000000009fb83060}: 'void java.lang.invoke.DirectMethodHandle$Holder.invokeStaticInit(java.lang.Object, java.lang.Object, java.lang.Object, java.lang.Object)'> (0x000000009fb83060) 
thrown [s\src\hotspot\share\interpreter\linkResolver.cpp, line 771]
Event: 1.768 Thread 0x000001ee7cf73d00 Exception <a 'java/lang/NoSuchMethodError'{0x000000009fba5228}: 'void java.lang.invoke.DirectMethodHandle$Holder.invokeStaticInit(java.lang.Object, java.lang.Object, java.lang.Object, java.lang.Object, java.lang.Object)'> (0x000000009fba5228) 
thrown [s\src\hotspot\share\interpreter\linkResolver.cpp, line 771]
Event: 1.772 Thread 0x000001ee7cf73d00 Exception <a 'java/lang/NoSuchMethodError'{0x000000009fbff7b8}: 'int java.lang.invoke.DirectMethodHandle$Holder.invokeStaticInit(java.lang.Object, java.lang.Object, java.lang.Object, java.lang.Object)'> (0x000000009fbff7b8) 
thrown [s\src\hotspot\share\interpreter\linkResolver.cpp, line 771]
Event: 1.888 Thread 0x000001ee7cf73d00 Exception <a 'java/lang/ClassNotFoundException'{0x0000000083802268}: groovy/lang/ExpandoMetaClassBeanInfo> (0x0000000083802268) 
thrown [s\src\hotspot\share\classfile\systemDictionary.cpp, line 256]
Event: 1.889 Thread 0x000001ee7cf73d00 Exception <a 'java/lang/ClassNotFoundException'{0x00000000838190b0}: groovy/lang/MetaClassImplBeanInfo> (0x00000000838190b0) 
thrown [s\src\hotspot\share\classfile\systemDictionary.cpp, line 256]
Event: 1.889 Thread 0x000001ee7cf73d00 Exception <a 'java/lang/ClassNotFoundException'{0x000000008381e890}: java/lang/ObjectBeanInfo> (0x000000008381e890) 
thrown [s\src\hotspot\share\classfile\systemDictionary.cpp, line 256]
Event: 1.889 Thread 0x000001ee7cf73d00 Exception <a 'java/lang/ClassNotFoundException'{0x0000000083824728}: java/lang/ObjectCustomizer> (0x0000000083824728) 
thrown [s\src\hotspot\share\classfile\systemDictionary.cpp, line 256]
Event: 1.891 Thread 0x000001ee7cf73d00 Exception <a 'java/lang/IncompatibleClassChangeError'{0x0000000083829150}: Found class java.lang.Object, but interface was expected> (0x0000000083829150) 
thrown [s\src\hotspot\share\interpreter\linkResolver.cpp, line 838]
Event: 1.893 Thread 0x000001ee7cf73d00 Exception <a 'java/lang/ClassNotFoundException'{0x0000000083844c30}: groovy/lang/MetaClassImplCustomizer> (0x0000000083844c30) 
thrown [s\src\hotspot\share\classfile\systemDictionary.cpp, line 256]
Event: 1.893 Thread 0x000001ee7cf73d00 Exception <a 'java/lang/ClassNotFoundException'{0x000000008387a240}: groovy/lang/ExpandoMetaClassCustomizer> (0x000000008387a240) 
thrown [s\src\hotspot\share\classfile\systemDictionary.cpp, line 256]
Event: 1.943 Thread 0x000001ee7cf73d00 Exception <a 'java/lang/NoSuchMethodError'{0x0000000083208d10}: 'java.lang.Object java.lang.invoke.DirectMethodHandle$Holder.invokeStatic(java.lang.Object, int, java.lang.Object)'> (0x0000000083208d10) 
thrown [s\src\hotspot\share\interpreter\linkResolver.cpp, line 771]

VM Operations (20 events):
Event: 1.794 Executing VM operation: G1Concurrent
Event: 1.794 Executing VM operation: G1Concurrent done
Event: 1.828 Executing VM operation: HandshakeAllThreads
Event: 1.828 Executing VM operation: HandshakeAllThreads done
Event: 1.849 Executing VM operation: HandshakeAllThreads
Event: 1.849 Executing VM operation: HandshakeAllThreads done
Event: 1.868 Executing VM operation: HandshakeAllThreads
Event: 1.868 Executing VM operation: HandshakeAllThreads done
Event: 1.921 Executing VM operation: HandshakeAllThreads
Event: 1.921 Executing VM operation: HandshakeAllThreads done
Event: 1.921 Executing VM operation: HandshakeAllThreads
Event: 1.921 Executing VM operation: HandshakeAllThreads done
Event: 1.923 Executing VM operation: HandshakeAllThreads
Event: 1.923 Executing VM operation: HandshakeAllThreads done
Event: 1.925 Executing VM operation: HandshakeAllThreads
Event: 1.925 Executing VM operation: HandshakeAllThreads done
Event: 1.929 Executing VM operation: HandshakeAllThreads
Event: 1.930 Executing VM operation: HandshakeAllThreads done
Event: 1.960 Executing VM operation: HandshakeAllThreads
Event: 1.960 Executing VM operation: HandshakeAllThreads done

Events (20 events):
Event: 1.959 loading class jdk/internal/jimage/ImageReader$Directory
Event: 1.959 loading class jdk/internal/jimage/ImageReader$Node
Event: 1.959 loading class jdk/internal/jimage/ImageReader$Node done
Event: 1.959 loading class jdk/internal/jimage/ImageReader$Directory done
Event: 1.959 loading class jdk/internal/jrtfs/SystemImage$1
Event: 1.959 loading class jdk/internal/jrtfs/SystemImage$1 done
Event: 1.959 loading class jdk/internal/jimage/ImageReader$SharedImageReader$LocationVisitor
Event: 1.959 loading class jdk/internal/jimage/ImageReader$SharedImageReader$LocationVisitor done
Event: 1.959 loading class java/nio/ByteBufferAsIntBufferL
Event: 1.959 loading class java/nio/ByteBufferAsIntBufferL done
Event: 1.960 loading class jdk/internal/jrtfs/JrtFileAttributes
Event: 1.960 loading class jdk/internal/jrtfs/JrtFileAttributes done
Event: 1.960 loading class jdk/internal/jrtfs/JrtDirectoryStream
Event: 1.960 loading class jdk/internal/jrtfs/JrtDirectoryStream done
Event: 1.960 loading class jdk/internal/jrtfs/JrtDirectoryStream$1
Event: 1.960 loading class jdk/internal/jrtfs/JrtDirectoryStream$1 done
Event: 1.961 loading class java/util/function/BooleanSupplier
Event: 1.961 loading class java/util/function/BooleanSupplier done
Event: 1.961 loading class jdk/internal/jimage/ImageReader$Resource
Event: 1.961 loading class jdk/internal/jimage/ImageReader$Resource done


Dynamic libraries:
0x00007ff608800000 - 0x00007ff60880a000 	C:\Program Files\Android\Android Studio1\jbr\bin\java.exe
0x00007ffa573a0000 - 0x00007ffa575a9000 	C:\Windows\SYSTEM32\ntdll.dll
0x00007ffa3ea60000 - 0x00007ffa3ea79000 	C:\Program Files\Avast Software\Avast\aswhook.dll
0x00007ffa562c0000 - 0x00007ffa5637e000 	C:\Windows\System32\KERNEL32.DLL
0x00007ffa54c40000 - 0x00007ffa54fc4000 	C:\Windows\System32\KERNELBASE.dll
0x00007ffa54fd0000 - 0x00007ffa550e1000 	C:\Windows\System32\ucrtbase.dll
0x00007ffa12c70000 - 0x00007ffa12c87000 	C:\Program Files\Android\Android Studio1\jbr\bin\jli.dll
0x00007ffa0c0c0000 - 0x00007ffa0c0db000 	C:\Program Files\Android\Android Studio1\jbr\bin\VCRUNTIME140.dll
0x00007ffa564b0000 - 0x00007ffa5665d000 	C:\Windows\System32\USER32.dll
0x00007ffa54ba0000 - 0x00007ffa54bc6000 	C:\Windows\System32\win32u.dll
0x00007ffa41330000 - 0x00007ffa415d5000 	C:\Windows\WinSxS\amd64_microsoft.windows.common-controls_6595b64144ccf1df_6.0.22000.120_none_9d947278b86cc467\COMCTL32.dll
0x00007ffa56250000 - 0x00007ffa5627a000 	C:\Windows\System32\GDI32.dll
0x00007ffa56840000 - 0x00007ffa568e3000 	C:\Windows\System32\msvcrt.dll
0x00007ffa550f0000 - 0x00007ffa5520f000 	C:\Windows\System32\gdi32full.dll
0x00007ffa54910000 - 0x00007ffa549ad000 	C:\Windows\System32\msvcp_win.dll
0x00007ffa568f0000 - 0x00007ffa56921000 	C:\Windows\System32\IMM32.DLL
0x00007ffa20df0000 - 0x00007ffa20dfc000 	C:\Program Files\Android\Android Studio1\jbr\bin\vcruntime140_1.dll
0x00007ff9a2c90000 - 0x00007ff9a2d1d000 	C:\Program Files\Android\Android Studio1\jbr\bin\msvcp140.dll
0x00007ff9a1ea0000 - 0x00007ff9a2b0d000 	C:\Program Files\Android\Android Studio1\jbr\bin\server\jvm.dll
0x00007ffa56fd0000 - 0x00007ffa5707f000 	C:\Windows\System32\ADVAPI32.dll
0x00007ffa56380000 - 0x00007ffa5641e000 	C:\Windows\System32\sechost.dll
0x00007ffa57230000 - 0x00007ffa57351000 	C:\Windows\System32\RPCRT4.dll
0x00007ffa4d130000 - 0x00007ffa4d139000 	C:\Windows\SYSTEM32\WSOCK32.dll
0x00007ffa56f60000 - 0x00007ffa56fcf000 	C:\Windows\System32\WS2_32.dll
0x00007ffa4d2d0000 - 0x00007ffa4d303000 	C:\Windows\SYSTEM32\WINMM.dll
0x00007ffa4e970000 - 0x00007ffa4e97a000 	C:\Windows\SYSTEM32\VERSION.dll
0x00007ffa53890000 - 0x00007ffa538a8000 	C:\Windows\SYSTEM32\kernel.appcore.dll
0x00007ffa4f090000 - 0x00007ffa4f09a000 	C:\Program Files\Android\Android Studio1\jbr\bin\jimage.dll
0x00007ffa4a910000 - 0x00007ffa4ab31000 	C:\Windows\SYSTEM32\DBGHELP.DLL
0x00007ffa4b970000 - 0x00007ffa4b9a1000 	C:\Windows\SYSTEM32\dbgcore.DLL
0x00007ffa549b0000 - 0x00007ffa54a2f000 	C:\Windows\System32\bcryptPrimitives.dll
0x00007ffa159e0000 - 0x00007ffa15a05000 	C:\Program Files\Android\Android Studio1\jbr\bin\java.dll
0x00007ffa159c0000 - 0x00007ffa159d8000 	C:\Program Files\Android\Android Studio1\jbr\bin\zip.dll
0x00007ffa55210000 - 0x00007ffa559d5000 	C:\Windows\System32\SHELL32.dll
0x00007ffa528f0000 - 0x00007ffa53154000 	C:\Windows\SYSTEM32\windows.storage.dll
0x00007ffa55db0000 - 0x00007ffa56126000 	C:\Windows\System32\combase.dll
0x00007ffa52780000 - 0x00007ffa528e7000 	C:\Windows\SYSTEM32\wintypes.dll
0x00007ffa55ac0000 - 0x00007ffa55baa000 	C:\Windows\System32\SHCORE.dll
0x00007ffa56da0000 - 0x00007ffa56dfd000 	C:\Windows\System32\shlwapi.dll
0x00007ffa54780000 - 0x00007ffa547a1000 	C:\Windows\SYSTEM32\profapi.dll
0x00007ffa159a0000 - 0x00007ffa159b9000 	C:\Program Files\Android\Android Studio1\jbr\bin\net.dll
0x00007ffa4d4e0000 - 0x00007ffa4d5f3000 	C:\Windows\SYSTEM32\WINHTTP.dll
0x00007ffa53d90000 - 0x00007ffa53df7000 	C:\Windows\system32\mswsock.dll
0x00007ffa15980000 - 0x00007ffa15996000 	C:\Program Files\Android\Android Studio1\jbr\bin\nio.dll
0x00007ffa3beb0000 - 0x00007ffa3bec0000 	C:\Program Files\Android\Android Studio1\jbr\bin\verify.dll
0x00007ff9d95c0000 - 0x00007ff9d95e7000 	C:\Users\Asia\.gradle\native\68d5fa5c4cc2d200863cafc0d521ce42e7d3e7ee720ec0a83991735586a16f82\windows-amd64\native-platform.dll
0x00007ff99f390000 - 0x00007ff99f4d4000 	C:\Users\Asia\.gradle\native\e376f236ea51e6404a007f0833ffe2c6e607c4080706a723a18a27aeea778392\windows-amd64\native-platform-file-events.dll
0x00007ffa4f070000 - 0x00007ffa4f079000 	C:\Program Files\Android\Android Studio1\jbr\bin\management.dll
0x00007ffa3bf80000 - 0x00007ffa3bf8b000 	C:\Program Files\Android\Android Studio1\jbr\bin\management_ext.dll
0x00007ffa56670000 - 0x00007ffa56678000 	C:\Windows\System32\PSAPI.DLL
0x00007ffa540e0000 - 0x00007ffa540f8000 	C:\Windows\SYSTEM32\CRYPTSP.dll
0x00007ffa537f0000 - 0x00007ffa53825000 	C:\Windows\system32\rsaenh.dll
0x00007ffa53e60000 - 0x00007ffa53e89000 	C:\Windows\SYSTEM32\USERENV.dll
0x00007ffa54230000 - 0x00007ffa54257000 	C:\Windows\SYSTEM32\bcrypt.dll
0x00007ffa54000000 - 0x00007ffa5400c000 	C:\Windows\SYSTEM32\CRYPTBASE.dll
0x00007ffa533a0000 - 0x00007ffa533cd000 	C:\Windows\SYSTEM32\IPHLPAPI.DLL
0x00007ffa56660000 - 0x00007ffa56669000 	C:\Windows\System32\NSI.dll
0x00007ffa4d310000 - 0x00007ffa4d329000 	C:\Windows\SYSTEM32\dhcpcsvc6.DLL
0x00007ffa4d720000 - 0x00007ffa4d73e000 	C:\Windows\SYSTEM32\dhcpcsvc.DLL
0x00007ffa533d0000 - 0x00007ffa534b8000 	C:\Windows\SYSTEM32\DNSAPI.dll
0x00007ffa3bd20000 - 0x00007ffa3bd28000 	C:\Windows\system32\wshunix.dll

dbghelp: loaded successfully - version: 4.0.5 - missing functions: none
symbol engine: initialized successfully - sym options: 0x614 - pdb path: .;C:\Program Files\Android\Android Studio1\jbr\bin;C:\Windows\SYSTEM32;C:\Program Files\Avast Software\Avast;C:\Windows\WinSxS\amd64_microsoft.windows.common-controls_6595b64144ccf1df_6.0.22000.120_none_9d947278b86cc467;C:\Program Files\Android\Android Studio1\jbr\bin\server;C:\Users\Asia\.gradle\native\68d5fa5c4cc2d200863cafc0d521ce42e7d3e7ee720ec0a83991735586a16f82\windows-amd64;C:\Users\Asia\.gradle\native\e376f236ea51e6404a007f0833ffe2c6e607c4080706a723a18a27aeea778392\windows-amd64

VM Arguments:
jvm_args: --add-opens=java.base/java.util.concurrent.atomic=ALL-UNNAMED --add-opens=java.base/java.util=ALL-UNNAMED --add-opens=java.base/java.lang=ALL-UNNAMED --add-opens=java.base/java.lang.invoke=ALL-UNNAMED --add-opens=java.prefs/java.util.prefs=ALL-UNNAMED --add-opens=java.base/java.nio.charset=ALL-UNNAMED --add-opens=java.base/java.net=ALL-UNNAMED --add-opens=java.base/java.util.concurrent.atomic=ALL-UNNAMED -Xmx2048m -Dfile.encoding=UTF-8 -Duser.country=PL -Duser.language=pl -Duser.variant 
java_command: org.gradle.launcher.daemon.bootstrap.GradleDaemon 8.0
java_class_path (initial): C:\Users\Asia\.gradle\wrapper\dists\gradle-8.0-bin\ca5e32bp14vu59qr306oxotwh\gradle-8.0\lib\gradle-launcher-8.0.jar
Launcher Type: SUN_STANDARD

[Global flags]
     intx CICompilerCount                          = 12                                        {product} {ergonomic}
     uint ConcGCThreads                            = 5                                         {product} {ergonomic}
     uint G1ConcRefinementThreads                  = 18                                        {product} {ergonomic}
   size_t G1HeapRegionSize                         = 1048576                                   {product} {ergonomic}
    uintx GCDrainStackTargetSize                   = 64                                        {product} {ergonomic}
   size_t InitialHeapSize                          = 532676608                                 {product} {ergonomic}
   size_t MarkStackSize                            = 4194304                                   {product} {ergonomic}
   size_t MaxHeapSize                              = 2147483648                                {product} {command line}
   size_t MaxNewSize                               = 1287651328                                {product} {ergonomic}
   size_t MinHeapDeltaBytes                        = 1048576                                   {product} {ergonomic}
   size_t MinHeapSize                              = 8388608                                   {product} {ergonomic}
    uintx NonNMethodCodeHeapSize                   = 7602480                                {pd product} {ergonomic}
    uintx NonProfiledCodeHeapSize                  = 122027880                              {pd product} {ergonomic}
    uintx ProfiledCodeHeapSize                     = 122027880                              {pd product} {ergonomic}
    uintx ReservedCodeCacheSize                    = 251658240                              {pd product} {ergonomic}
     bool SegmentedCodeCache                       = true                                      {product} {ergonomic}
   size_t SoftMaxHeapSize                          = 2147483648                             {manageable} {ergonomic}
     bool UseCompressedClassPointers               = true                           {product lp64_product} {ergonomic}
     bool UseCompressedOops                        = true                           {product lp64_product} {ergonomic}
     bool UseG1GC                                  = true                                      {product} {ergonomic}
     bool UseLargePagesIndividualAllocation        = false                                  {pd product} {ergonomic}

Logging:
Log output configuration:
 #0: stdout all=warning uptime,level,tags
 #1: stderr all=off uptime,level,tags

Environment Variables:
PATH=C:\Program Files\Microsoft\jdk-11.0.12.7-hotspot\bin;C:\Windows\system32;C:\Windows;C:\Windows\System32\Wbem;C:\Windows\System32\WindowsPowerShell\v1.0\;C:\Windows\System32\OpenSSH\;C:\Program Files\NVIDIA Corporation\NVIDIA NvDLISR;C:\Program Files (x86)\NVIDIA Corporation\PhysX\Common;C:\Program Files\dotnet\;C:\Program Files\Microsoft SQL Server\150\Tools\Binn\;C:\Program Files (x86)\Microsoft SQL Server\150\DTS\Binn\;C:\Program Files\Azure Data Studio\bin;C:\Program Files\nodejs\;C:\Program Files\Git\cmd;C:\Program Files\Microsoft SQL Server\Client SDK\ODBC\170\Tools\Binn\;C:\Program Files (x86)\Microsoft SQL Server\150\Tools\Binn\;C:\Program Files\Microsoft SQL Server\150\DTS\Binn\;C:\Program Files\Docker\Docker\resources\bin;C:\ProgramData\DockerDesktop\version-bin;C:\Users\Asia\AppData\Local\Microsoft\WindowsApps;C:\Users\Asia\.dotnet\tools;C:\Users\Asia\AppData\Local\Programs\Microsoft VS Code\bin;C:\Users\Asia\AppData\Roaming\npm
USERNAME=Asia
OS=Windows_NT
PROCESSOR_IDENTIFIER=Intel64 Family 6 Model 151 Stepping 2, GenuineIntel
TMP=C:\Users\Asia\AppData\Local\Temp
TEMP=C:\Users\Asia\AppData\Local\Temp



---------------  S Y S T E M  ---------------

OS:
 Windows 11 , 64 bit Build 22000 (10.0.22000.1880)
OS uptime: 8 days 4:02 hours
Hyper-V role detected

CPU: total 24 (initial active 24) (12 cores per cpu, 2 threads per core) family 6 model 151 stepping 2 microcode 0xb, cx8, cmov, fxsr, ht, mmx, 3dnowpref, sse, sse2, sse3, ssse3, sse4.1, sse4.2, popcnt, lzcnt, tsc, tscinvbit, avx, avx2, aes, erms, clmul, bmi1, bmi2, adx, sha, fma, vzeroupper, clflush, clflushopt, clwb, hv

Memory: 4k page, system-wide physical 32509M (9570M free)
TotalPageFile size 61181M (AvailPageFile size 25863M)
current process WorkingSet (physical memory assigned to process): 225M, peak: 230M
current process commit charge ("private bytes"): 283M, peak: 686M

vm_info: OpenJDK 64-Bit Server VM (17.0.6+0-b2043.56-9586694) for windows-amd64 JRE (17.0.6+0-b2043.56-9586694), built on Feb  9 2023 20:06:20 by "androidbuild" with MS VC++ 16.10 / 16.11 (VS2019)

END.
